C51 COMPILER V9.59.0.0   HAL_TIMER                                                         09/19/2018 08:04:13 PAGE 1   


C51 COMPILER V9.59.0.0, COMPILATION OF MODULE HAL_TIMER
OBJECT MODULE PLACED IN .\Objects\hal_timer.obj
COMPILER INVOKED BY: D:\keil4\C51\BIN\C51.EXE ..\hal\hal_timer.c OPTIMIZE(9,SPEED) BROWSE INCDIR(..\app;..\port;..\task;
                    -..\hal;..\osal) DEBUG OBJECTEXTEND PRINT(.\Listings\hal_timer.lst) TABS(2) OBJECT(.\Objects\hal_timer.obj)

line level    source

   1          #include "hal_timer.h"
   2          #include "SC92F732X_C.H"
   3          #include "data_type.h"
   4          
   5          static Hal_Timer_Hdl_Cb_t Hal_Timer_Hdl_Cb;
   6          
   7          
   8          unsigned char Hal_TimerInit(void)
   9          {
  10   1        TMCON = 0x00;   
  11   1        TMOD = 0x11;    
  12   1        TL0 = (65536 - 1000)%256;    
  13   1        TH0 = (65536 - 1000)/256;
  14   1        TR0 = 0;
  15   1        ET0 = 1;
  16   1        TR0 = 1;
  17   1        return True;
  18   1      }     
  19          
  20          unsigned char Hal_RegTimeHdl(Hal_Timer_Hdl_Cb_t func)
  21          {
  22   1        if(!func){
  23   2          return False;
  24   2        }
  25   1        Hal_Timer_Hdl_Cb = func;
  26   1      
  27   1        return True;
  28   1      }
  29          
  30          
  31          void Hal_TimerIntHdl() interrupt 1{
  32   1        
  33   1        TL0 = (65536 - 999)%256;   
  34   1        TH0 = (65536 - 999)/256;
  35   1        if(Hal_Timer_Hdl_Cb){
  36   2          Hal_Timer_Hdl_Cb();
  37   2        }
  38   1      }
  39          
  40          
  41          
  42          
  43          


MODULE INFORMATION:   STATIC OVERLAYABLE
   CODE SIZE        =    114    ----
   CONSTANT SIZE    =   ----    ----
   XDATA SIZE       =   ----    ----
   PDATA SIZE       =   ----    ----
   DATA SIZE        =      3    ----
   IDATA SIZE       =   ----    ----
   BIT SIZE         =   ----    ----
END OF MODULE INFORMATION.

C51 COMPILER V9.59.0.0   HAL_TIMER                                                         09/19/2018 08:04:13 PAGE 2   


C51 COMPILATION COMPLETE.  0 WARNING(S),  0 ERROR(S)
