C51 COMPILER V9.59.0.0   PORT_MSGE                                                         09/19/2018 08:04:13 PAGE 1   


C51 COMPILER V9.59.0.0, COMPILATION OF MODULE PORT_MSGE
OBJECT MODULE PLACED IN .\Objects\port_msge.obj
COMPILER INVOKED BY: D:\keil4\C51\BIN\C51.EXE ..\port\port_msge.c OPTIMIZE(9,SPEED) BROWSE INCDIR(..\app;..\port;..\task
                    -;..\hal;..\osal) DEBUG OBJECTEXTEND PRINT(.\Listings\port_msge.lst) TABS(2) OBJECT(.\Objects\port_msge.obj)

line level    source

   1          #include "port_msge.h"
   2          
   3          unsigned char Port_MsgeInit(unsigned char id)
   4          {
   5   1        if(id == 0){
   6   2          SET_OUTPUT(P0, 2);
   7   2          Set_MotorA_Out(0);
   8   2          SET_OUTPUT(P0, 3);
   9   2          Set_MotorB_Out(0);
  10   2          return id;
  11   2        }
  12   1        return 0XFF;
  13   1      }
  14          
  15          unsigned char Port_MsgeSet(unsigned char id,unsigned char num,unsigned char set)
  16          {
  17   1        if(id == 0){
  18   2          if(num == 0){
  19   3            Set_MotorA_Out(set);
  20   3          }else if(num == 1){
  21   3            Set_MotorB_Out(set);
  22   3          }else{
  23   3            return 0XFF;
  24   3          }
  25   2          return id;
  26   2        } 
  27   1        return 0XFF;
  28   1      }
  29          


MODULE INFORMATION:   STATIC OVERLAYABLE
   CODE SIZE        =     60    ----
   CONSTANT SIZE    =   ----    ----
   XDATA SIZE       =   ----    ----
   PDATA SIZE       =   ----    ----
   DATA SIZE        =   ----    ----
   IDATA SIZE       =   ----    ----
   BIT SIZE         =   ----    ----
END OF MODULE INFORMATION.


C51 COMPILATION COMPLETE.  0 WARNING(S),  0 ERROR(S)
