C51 COMPILER V9.59.0.0   PORT_HEAT_COOL                                                    09/19/2018 08:04:13 PAGE 1   


C51 COMPILER V9.59.0.0, COMPILATION OF MODULE PORT_HEAT_COOL
OBJECT MODULE PLACED IN .\Objects\port_heat_cool.obj
COMPILER INVOKED BY: D:\keil4\C51\BIN\C51.EXE ..\port\port_heat_cool.c OPTIMIZE(9,SPEED) BROWSE INCDIR(..\app;..\port;..
                    -\task;..\hal;..\osal) DEBUG OBJECTEXTEND PRINT(.\Listings\port_heat_cool.lst) TABS(2) OBJECT(.\Objects\port_heat_cool.ob
                    -j)

line level    source

   1          #include "port_heat_cool.h"
   2          
   3          unsigned char Port_HeatCoolInit(unsigned char id)
   4          {
   5   1        if(id == 0){
   6   2          SET_OUTPUT(P1, 7);
   7   2          Set_Cool_Out(0);
   8   2          SET_OUTPUT(P1, 0);
   9   2          Set_Heat_Out(0);
  10   2          SET_OUTPUT(P1, 6);
  11   2          Set_Fan_Out(0);
  12   2          return id;
  13   2        }
  14   1        return 0XFF;
  15   1      }
  16          
  17          unsigned char Port_CoolSet(unsigned char id,unsigned char set)
  18          {
  19   1        if(id == 0){
  20   2          Set_Cool_Out(set);
  21   2          return id;
  22   2        }
  23   1        return 0XFF;
  24   1      }
  25          
  26          unsigned char Port_HeatSet(unsigned char id,unsigned char set)
  27          {
  28   1        if(id == 0){
  29   2          Set_Heat_Out(set);
  30   2          return id;
  31   2        }
  32   1        return 0XFF;
  33   1      }
  34          
  35          unsigned char Port_FanSet(unsigned char id,unsigned char set)
  36          {
  37   1        if(id == 0){
  38   2          Set_Fan_Out(set);
  39   2          return id;
  40   2        }
  41   1        return 0XFF;
  42   1      }
  43          


MODULE INFORMATION:   STATIC OVERLAYABLE
   CODE SIZE        =     67    ----
   CONSTANT SIZE    =   ----    ----
   XDATA SIZE       =   ----    ----
   PDATA SIZE       =   ----    ----
   DATA SIZE        =   ----    ----
   IDATA SIZE       =   ----    ----
   BIT SIZE         =   ----    ----
C51 COMPILER V9.59.0.0   PORT_HEAT_COOL                                                    09/19/2018 08:04:13 PAGE 2   

END OF MODULE INFORMATION.


C51 COMPILATION COMPLETE.  0 WARNING(S),  0 ERROR(S)
