C51 COMPILER V9.59.0.0   PORT_PUSHROD                                                      09/19/2018 08:04:13 PAGE 1   


C51 COMPILER V9.59.0.0, COMPILATION OF MODULE PORT_PUSHROD
OBJECT MODULE PLACED IN .\Objects\port_pushrod.obj
COMPILER INVOKED BY: D:\keil4\C51\BIN\C51.EXE ..\port\port_pushrod.c OPTIMIZE(9,SPEED) BROWSE INCDIR(..\app;..\port;..\t
                    -ask;..\hal;..\osal) DEBUG OBJECTEXTEND PRINT(.\Listings\port_pushrod.lst) TABS(2) OBJECT(.\Objects\port_pushrod.obj)

line level    source

   1          #include "port_pushrod.h"
   2          
   3          unsigned char Port_PushrodInit(unsigned char id)
   4          {
   5   1        if(id == 0){
   6   2          SET_OUTPUT(P2, 1);
   7   2          SET_OUTPUT(P2, 0);
   8   2          Set_Push1A_Out(0);
   9   2          Set_Push1B_Out(0);
  10   2          return id;
  11   2        }else if(id == 1){
  12   2          SET_OUTPUT(P2, 4);
  13   2          SET_OUTPUT(P2, 5);
  14   2          Set_Push2A_Out(0);
  15   2          Set_Push2B_Out(0);
  16   2          return id;
  17   2        } 
  18   1        return 0XFF;
  19   1      }
  20          
  21          unsigned char Prot_PushrodOpen(unsigned char id)
  22          {
  23   1        if(id == 0){
  24   2          Set_Push1A_Out(1);
  25   2          Set_Push1B_Out(0);
  26   2          return id;
  27   2        }else if(id == 1){
  28   2          Set_Push2A_Out(1);
  29   2          Set_Push2B_Out(0);
  30   2          return id;
  31   2        } 
  32   1        return 0XFF;
  33   1      }
  34          
  35          unsigned char Prot_PushrodClose(unsigned char id)
  36          {
  37   1        if(id == 0){
  38   2          Set_Push1A_Out(0);
  39   2          Set_Push1B_Out(1);
  40   2          return id;
  41   2        }else if(id == 1){
  42   2          Set_Push2A_Out(0);
  43   2          Set_Push2B_Out(1);
  44   2          return id;
  45   2        } 
  46   1        return 0XFF;
  47   1      }
  48          
  49          unsigned char Prot_PushrodStop(unsigned char id)
  50          {
  51   1        if(id == 0){
  52   2          Set_Push1A_Out(0);
  53   2          Set_Push1B_Out(0);
  54   2          return id;
C51 COMPILER V9.59.0.0   PORT_PUSHROD                                                      09/19/2018 08:04:13 PAGE 2   

  55   2        }else if(id == 1){
  56   2          Set_Push2A_Out(0);
  57   2          Set_Push2B_Out(0);
  58   2          return id;
  59   2        } 
  60   1        return 0XFF;
  61   1      }
  62          
  63          


MODULE INFORMATION:   STATIC OVERLAYABLE
   CODE SIZE        =    112    ----
   CONSTANT SIZE    =   ----    ----
   XDATA SIZE       =   ----    ----
   PDATA SIZE       =   ----    ----
   DATA SIZE        =   ----    ----
   IDATA SIZE       =   ----    ----
   BIT SIZE         =   ----    ----
END OF MODULE INFORMATION.


C51 COMPILATION COMPLETE.  0 WARNING(S),  0 ERROR(S)
